<?xml version="1.0" encoding="utf-8"?><testsuites name="pytest tests"><testsuite name="pytest" errors="0" failures="0" skipped="0" tests="12" time="4.464" timestamp="2026-08-05T08:31:13.010392+00:00" hostname="agent-env-629d9f29-c477-46a9-b841-c9e2e7512f1f"><testcase classname="tests.backend_test" name="test_config" time="0.327" /><testcase classname="tests.backend_test" name="test_login_bad_password" time="0.425" /><testcase classname="tests.backend_test" name="test_login_good_and_me" time="0.382" /><testcase classname="tests.backend_test" name="test_me_unauthed" time="0.077" /><testcase classname="tests.backend_test" name="test_registrations_created" time="1.435" /><testcase classname="tests.backend_test" name="test_registration_invalid_distance" time="0.040" /><testcase classname="tests.backend_test" name="test_registration_missing_field" time="0.078" /><testcase classname="tests.backend_test" name="test_startlist_contains_created" time="0.035" /><testcase classname="tests.backend_test" name="test_admin_endpoints_unauthed" time="0.043" /><testcase classname="tests.backend_test" name="test_admin_lookup_and_finish" time="0.464" /><testcase classname="tests.backend_test" name="test_results_sorted" time="0.586" /><testcase classname="tests.backend_test" name="test_cleanup" time="0.091" /></testsuite></testsuites>