<?xml version="1.0" encoding="utf-8"?><testsuites name="pytest tests"><testsuite name="pytest" errors="0" failures="0" skipped="0" tests="25" time="7.246" timestamp="2026-08-05T17:00:55.112204+00:00" hostname="agent-env-629d9f29-c477-46a9-b841-c9e2e7512f1f"><testcase classname="tests.backend_test" name="test_config" time="0.126" /><testcase classname="tests.backend_test" name="test_login_bad_password" time="0.258" /><testcase classname="tests.backend_test" name="test_login_good_and_me" time="0.365" /><testcase classname="tests.backend_test" name="test_me_unauthed" time="0.033" /><testcase classname="tests.backend_test" name="test_registrations_created" time="1.496" /><testcase classname="tests.backend_test" name="test_registration_invalid_distance" time="0.027" /><testcase classname="tests.backend_test" name="test_registration_missing_field" time="0.030" /><testcase classname="tests.backend_test" name="test_startlist_contains_created" time="0.044" /><testcase classname="tests.backend_test" name="test_admin_endpoints_unauthed" time="0.069" /><testcase classname="tests.backend_test" name="test_admin_lookup_and_finish" time="0.448" /><testcase classname="tests.backend_test" name="test_results_sorted" time="0.657" /><testcase classname="tests.backend_test" name="test_cleanup" time="0.103" /><testcase classname="tests.test_regression_email_refactor" name="test_15_seeded_runners_present" time="0.334" /><testcase classname="tests.test_regression_email_refactor" name="test_registration_47km_no_resend_key" time="0.815" /><testcase classname="tests.test_regression_email_refactor" name="test_reset_distance_clears_finish_times" time="0.419" /><testcase classname="tests.test_regression_email_refactor" name="test_reset_all_clears_everything" time="0.245" /><testcase classname="tests.test_regression_email_refactor" name="test_results_grouped_and_sorted" time="0.291" /><testcase classname="tests.test_regression_email_refactor" name="test_zzz_final_cleanup" time="0.114" /><testcase classname="tests.test_timing" name="test_timing_unauthed" time="0.073" /><testcase classname="tests.test_timing" name="test_get_timing_shape" time="0.365" /><testcase classname="tests.test_timing" name="test_start_and_reset_single_distance" time="0.163" /><testcase classname="tests.test_timing" name="test_start_invalid_distance" time="0.030" /><testcase classname="tests.test_timing" name="test_start_all" time="0.253" /><testcase classname="tests.test_timing" name="test_finish_and_edit_and_clear_flow" time="0.356" /><testcase classname="tests.test_timing" name="test_invalid_time_format" time="0.076" /></testsuite></testsuites>