<?xml version="1.0" encoding="utf-8"?><testsuites name="pytest tests"><testsuite name="pytest" errors="0" failures="0" skipped="0" tests="7" time="2.455" timestamp="2026-08-05T09:40:02.137771+00:00" hostname="agent-env-629d9f29-c477-46a9-b841-c9e2e7512f1f"><testcase classname="tests.test_timing" name="test_timing_unauthed" time="0.586" /><testcase classname="tests.test_timing" name="test_get_timing_shape" time="0.490" /><testcase classname="tests.test_timing" name="test_start_and_reset_single_distance" time="0.215" /><testcase classname="tests.test_timing" name="test_start_invalid_distance" time="0.029" /><testcase classname="tests.test_timing" name="test_start_all" time="0.250" /><testcase classname="tests.test_timing" name="test_finish_and_edit_and_clear_flow" time="0.375" /><testcase classname="tests.test_timing" name="test_invalid_time_format" time="0.039" /></testsuite></testsuites>